<?xml version="1.0" encoding="UTF-8"?>
<!-- Generated by org.testng.reporters.JUnitReportReporter -->
<testsuite hostname="DESKTOP-8GU1FPD" name="com.ParallelGrid.testcases.TestCaseB" tests="3" failures="3" timestamp="8 Sep 2018 11:43:07 GMT" time="0.037" errors="0">
  <testcase name="ThirdTc" time="0.002" classname="com.ParallelGrid.testcases.TestCaseB">
    <failure type="org.openqa.selenium.SessionNotCreatedException" message="Unable to create session from {
  &quot;desiredCapabilities&quot;: {
    &quot;browserName&quot;: &quot;Edge&quot;,
    &quot;server:CONFIG_UUID&quot;: &quot;45e234ea-c2cf-4353-b782-9e504b6f1c9c&quot;,
    &quot;version&quot;: &quot;&quot;,
    &quot;platform&quot;: &quot;WIN10&quot;
  },
  &quot;capabilities&quot;: {
    &quot;desiredCapabilities&quot;: {
      &quot;browserName&quot;: &quot;Edge&quot;,
      &quot;server:CONFIG_UUID&quot;: &quot;45e234ea-c2cf-4353-b782-9e504b6f1c9c&quot;,
      &quot;version&quot;: &quot;&quot;,
      &quot;platform&quot;: &quot;WIN10&quot;
    },
    &quot;firstMatch&quot;: [
      {
        &quot;browserName&quot;: &quot;Edge&quot;,
        &quot;platformName&quot;: &quot;win10&quot;,
        &quot;server:CONFIG_UUID&quot;: &quot;45e234ea-c2cf-4353-b782-9e504b6f1c9c&quot;
      }
    ]
  }
}
Build info: version: &#039;3.13.0&#039;, revision: &#039;2f0d292&#039;, time: &#039;2018-06-25T15:32:19.891Z&#039;
System info: host: &#039;DESKTOP-8GU1FPD&#039;, ip: &#039;10.0.75.1&#039;, os.name: &#039;Windows 10&#039;, os.arch: &#039;amd64&#039;, os.version: &#039;10.0&#039;, java.version: &#039;1.8.0_171&#039;
Driver info: driver.version: unknown
Command duration or timeout: 47.74 seconds">
      <![CDATA[org.openqa.selenium.SessionNotCreatedException: Unable to create session from {
  "desiredCapabilities": {
    "browserName": "Edge",
    "server:CONFIG_UUID": "45e234ea-c2cf-4353-b782-9e504b6f1c9c",
    "version": "",
    "platform": "WIN10"
  },
  "capabilities": {
    "desiredCapabilities": {
      "browserName": "Edge",
      "server:CONFIG_UUID": "45e234ea-c2cf-4353-b782-9e504b6f1c9c",
      "version": "",
      "platform": "WIN10"
    },
    "firstMatch": [
      {
        "browserName": "Edge",
        "platformName": "win10",
        "server:CONFIG_UUID": "45e234ea-c2cf-4353-b782-9e504b6f1c9c"
      }
    ]
  }
}
Build info: version: '3.13.0', revision: '2f0d292', time: '2018-06-25T15:32:19.891Z'
System info: host: 'DESKTOP-8GU1FPD', ip: '10.0.75.1', os.name: 'Windows 10', os.arch: 'amd64', os.version: '10.0', java.version: '1.8.0_171'
Driver info: driver.version: unknown
Command duration or timeout: 47.74 seconds
	at sun.reflect.NativeConstructorAccessorImpl.newInstance0(Native Method)
	at sun.reflect.NativeConstructorAccessorImpl.newInstance(Unknown Source)
	at sun.reflect.DelegatingConstructorAccessorImpl.newInstance(Unknown Source)
	at java.lang.reflect.Constructor.newInstance(Unknown Source)
	at org.openqa.selenium.remote.ErrorHandler.createThrowable(ErrorHandler.java:214)
	at org.openqa.selenium.remote.ErrorHandler.throwIfResponseFailed(ErrorHandler.java:166)
	at org.openqa.selenium.remote.JsonWireProtocolResponse.lambda$new$0(JsonWireProtocolResponse.java:53)
	at org.openqa.selenium.remote.JsonWireProtocolResponse.lambda$getResponseFunction$2(JsonWireProtocolResponse.java:91)
	at org.openqa.selenium.remote.ProtocolHandshake.lambda$createSession$0(ProtocolHandshake.java:123)
	at java.util.stream.ReferencePipeline$3$1.accept(Unknown Source)
	at java.util.Spliterators$ArraySpliterator.tryAdvance(Unknown Source)
	at java.util.stream.ReferencePipeline.forEachWithCancel(Unknown Source)
	at java.util.stream.AbstractPipeline.copyIntoWithCancel(Unknown Source)
	at java.util.stream.AbstractPipeline.copyInto(Unknown Source)
	at java.util.stream.AbstractPipeline.wrapAndCopyInto(Unknown Source)
	at java.util.stream.FindOps$FindOp.evaluateSequential(Unknown Source)
	at java.util.stream.AbstractPipeline.evaluate(Unknown Source)
	at java.util.stream.ReferencePipeline.findFirst(Unknown Source)
	at org.openqa.selenium.remote.ProtocolHandshake.createSession(ProtocolHandshake.java:126)
	at org.openqa.selenium.remote.ProtocolHandshake.createSession(ProtocolHandshake.java:73)
	at org.openqa.selenium.remote.HttpCommandExecutor.execute(HttpCommandExecutor.java:136)
	at org.openqa.selenium.remote.RemoteWebDriver.execute(RemoteWebDriver.java:543)
	at org.openqa.selenium.remote.RemoteWebDriver.startSession(RemoteWebDriver.java:207)
	at org.openqa.selenium.remote.RemoteWebDriver.<init>(RemoteWebDriver.java:130)
	at org.openqa.selenium.remote.RemoteWebDriver.<init>(RemoteWebDriver.java:143)
	at com.ParallelGrid.testcases.TestCaseB.setup(TestCaseB.java:45)
	at sun.reflect.NativeMethodAccessorImpl.invoke0(Native Method)
	at sun.reflect.NativeMethodAccessorImpl.invoke(Unknown Source)
	at sun.reflect.DelegatingMethodAccessorImpl.invoke(Unknown Source)
	at java.lang.reflect.Method.invoke(Unknown Source)
	at org.testng.internal.MethodInvocationHelper.invokeMethod(MethodInvocationHelper.java:80)
	at org.testng.internal.Invoker.invokeConfigurationMethod(Invoker.java:564)
	at org.testng.internal.Invoker.invokeConfigurations(Invoker.java:213)
	at org.testng.internal.Invoker.invokeConfigurations(Invoker.java:138)
	at org.testng.internal.TestMethodWorker.invokeBeforeClassMethods(TestMethodWorker.java:175)
	at org.testng.internal.TestMethodWorker.run(TestMethodWorker.java:107)
	at org.testng.TestRunner.privateRun(TestRunner.java:767)
	at org.testng.TestRunner.run(TestRunner.java:617)
	at org.testng.SuiteRunner.runTest(SuiteRunner.java:334)
	at org.testng.SuiteRunner.access$000(SuiteRunner.java:37)
	at org.testng.SuiteRunner$SuiteWorker.run(SuiteRunner.java:368)
	at org.testng.internal.thread.ThreadUtil$2.call(ThreadUtil.java:64)
	at java.util.concurrent.FutureTask.run(Unknown Source)
	at java.util.concurrent.ThreadPoolExecutor.runWorker(Unknown Source)
	at java.util.concurrent.ThreadPoolExecutor$Worker.run(Unknown Source)
	at java.lang.Thread.run(Unknown Source)
Caused by: org.openqa.selenium.SessionNotCreatedException: Unable to create session from {
  "desiredCapabilities": {
    "browserName": "Edge",
    "server:CONFIG_UUID": "45e234ea-c2cf-4353-b782-9e504b6f1c9c",
    "version": "",
    "platform": "WIN10"
  },
  "capabilities": {
    "desiredCapabilities": {
      "browserName": "Edge",
      "server:CONFIG_UUID": "45e234ea-c2cf-4353-b782-9e504b6f1c9c",
      "version": "",
      "platform": "WIN10"
    },
    "firstMatch": [
      {
        "browserName": "Edge",
        "platformName": "win10",
        "server:CONFIG_UUID": "45e234ea-c2cf-4353-b782-9e504b6f1c9c"
      }
    ]
  }
}
Build info: version: '3.13.0', revision: '2f0d292', time: '2018-06-25T15:32:19.891Z'
System info: host: 'DESKTOP-8GU1FPD', ip: '10.0.75.1', os.name: 'Windows 10', os.arch: 'amd64', os.version: '10.0', java.version: '1.8.0_171'
Driver info: driver.version: unknown
Build info: version: '3.12.0', revision: '7c6e0b3', time: '2018-05-08T14:04:26.12Z'
System info: host: 'DESKTOP-8GU1FPD', ip: '10.0.75.1', os.name: 'Windows 10', os.arch: 'amd64', os.version: '10.0', java.version: '1.8.0_171'
Driver info: driver.version: unknown
	at org.openqa.selenium.remote.server.NewSessionPipeline.lambda$null$4(NewSessionPipeline.java:75)
	at java.util.Optional.orElseThrow(Unknown Source)
	at org.openqa.selenium.remote.server.NewSessionPipeline.lambda$createNewSession$5(NewSessionPipeline.java:74)
	at java.util.Optional.orElseGet(Unknown Source)
	at org.openqa.selenium.remote.server.NewSessionPipeline.createNewSession(NewSessionPipeline.java:72)
	at org.openqa.selenium.remote.server.commandhandler.BeginSession.execute(BeginSession.java:65)
	at org.openqa.selenium.remote.server.WebDriverServlet.lambda$handle$3(WebDriverServlet.java:247)
	at java.util.concurrent.Executors$RunnableAdapter.call(Unknown Source)
	... 4 more
]]>
    </failure>
  </testcase> <!-- ThirdTc -->
  <testcase name="FirstTc" time="0.034" classname="com.ParallelGrid.testcases.TestCaseB">
    <failure type="org.openqa.selenium.SessionNotCreatedException" message="Unable to create session from {
  &quot;desiredCapabilities&quot;: {
    &quot;browserName&quot;: &quot;Edge&quot;,
    &quot;server:CONFIG_UUID&quot;: &quot;45e234ea-c2cf-4353-b782-9e504b6f1c9c&quot;,
    &quot;version&quot;: &quot;&quot;,
    &quot;platform&quot;: &quot;WIN10&quot;
  },
  &quot;capabilities&quot;: {
    &quot;desiredCapabilities&quot;: {
      &quot;browserName&quot;: &quot;Edge&quot;,
      &quot;server:CONFIG_UUID&quot;: &quot;45e234ea-c2cf-4353-b782-9e504b6f1c9c&quot;,
      &quot;version&quot;: &quot;&quot;,
      &quot;platform&quot;: &quot;WIN10&quot;
    },
    &quot;firstMatch&quot;: [
      {
        &quot;browserName&quot;: &quot;Edge&quot;,
        &quot;platformName&quot;: &quot;win10&quot;,
        &quot;server:CONFIG_UUID&quot;: &quot;45e234ea-c2cf-4353-b782-9e504b6f1c9c&quot;
      }
    ]
  }
}
Build info: version: &#039;3.13.0&#039;, revision: &#039;2f0d292&#039;, time: &#039;2018-06-25T15:32:19.891Z&#039;
System info: host: &#039;DESKTOP-8GU1FPD&#039;, ip: &#039;10.0.75.1&#039;, os.name: &#039;Windows 10&#039;, os.arch: &#039;amd64&#039;, os.version: &#039;10.0&#039;, java.version: &#039;1.8.0_171&#039;
Driver info: driver.version: unknown
Command duration or timeout: 47.74 seconds">
      <![CDATA[org.openqa.selenium.SessionNotCreatedException: Unable to create session from {
  "desiredCapabilities": {
    "browserName": "Edge",
    "server:CONFIG_UUID": "45e234ea-c2cf-4353-b782-9e504b6f1c9c",
    "version": "",
    "platform": "WIN10"
  },
  "capabilities": {
    "desiredCapabilities": {
      "browserName": "Edge",
      "server:CONFIG_UUID": "45e234ea-c2cf-4353-b782-9e504b6f1c9c",
      "version": "",
      "platform": "WIN10"
    },
    "firstMatch": [
      {
        "browserName": "Edge",
        "platformName": "win10",
        "server:CONFIG_UUID": "45e234ea-c2cf-4353-b782-9e504b6f1c9c"
      }
    ]
  }
}
Build info: version: '3.13.0', revision: '2f0d292', time: '2018-06-25T15:32:19.891Z'
System info: host: 'DESKTOP-8GU1FPD', ip: '10.0.75.1', os.name: 'Windows 10', os.arch: 'amd64', os.version: '10.0', java.version: '1.8.0_171'
Driver info: driver.version: unknown
Command duration or timeout: 47.74 seconds
	at sun.reflect.NativeConstructorAccessorImpl.newInstance0(Native Method)
	at sun.reflect.NativeConstructorAccessorImpl.newInstance(Unknown Source)
	at sun.reflect.DelegatingConstructorAccessorImpl.newInstance(Unknown Source)
	at java.lang.reflect.Constructor.newInstance(Unknown Source)
	at org.openqa.selenium.remote.ErrorHandler.createThrowable(ErrorHandler.java:214)
	at org.openqa.selenium.remote.ErrorHandler.throwIfResponseFailed(ErrorHandler.java:166)
	at org.openqa.selenium.remote.JsonWireProtocolResponse.lambda$new$0(JsonWireProtocolResponse.java:53)
	at org.openqa.selenium.remote.JsonWireProtocolResponse.lambda$getResponseFunction$2(JsonWireProtocolResponse.java:91)
	at org.openqa.selenium.remote.ProtocolHandshake.lambda$createSession$0(ProtocolHandshake.java:123)
	at java.util.stream.ReferencePipeline$3$1.accept(Unknown Source)
	at java.util.Spliterators$ArraySpliterator.tryAdvance(Unknown Source)
	at java.util.stream.ReferencePipeline.forEachWithCancel(Unknown Source)
	at java.util.stream.AbstractPipeline.copyIntoWithCancel(Unknown Source)
	at java.util.stream.AbstractPipeline.copyInto(Unknown Source)
	at java.util.stream.AbstractPipeline.wrapAndCopyInto(Unknown Source)
	at java.util.stream.FindOps$FindOp.evaluateSequential(Unknown Source)
	at java.util.stream.AbstractPipeline.evaluate(Unknown Source)
	at java.util.stream.ReferencePipeline.findFirst(Unknown Source)
	at org.openqa.selenium.remote.ProtocolHandshake.createSession(ProtocolHandshake.java:126)
	at org.openqa.selenium.remote.ProtocolHandshake.createSession(ProtocolHandshake.java:73)
	at org.openqa.selenium.remote.HttpCommandExecutor.execute(HttpCommandExecutor.java:136)
	at org.openqa.selenium.remote.RemoteWebDriver.execute(RemoteWebDriver.java:543)
	at org.openqa.selenium.remote.RemoteWebDriver.startSession(RemoteWebDriver.java:207)
	at org.openqa.selenium.remote.RemoteWebDriver.<init>(RemoteWebDriver.java:130)
	at org.openqa.selenium.remote.RemoteWebDriver.<init>(RemoteWebDriver.java:143)
	at com.ParallelGrid.testcases.TestCaseB.setup(TestCaseB.java:45)
	at sun.reflect.NativeMethodAccessorImpl.invoke0(Native Method)
	at sun.reflect.NativeMethodAccessorImpl.invoke(Unknown Source)
	at sun.reflect.DelegatingMethodAccessorImpl.invoke(Unknown Source)
	at java.lang.reflect.Method.invoke(Unknown Source)
	at org.testng.internal.MethodInvocationHelper.invokeMethod(MethodInvocationHelper.java:80)
	at org.testng.internal.Invoker.invokeConfigurationMethod(Invoker.java:564)
	at org.testng.internal.Invoker.invokeConfigurations(Invoker.java:213)
	at org.testng.internal.Invoker.invokeConfigurations(Invoker.java:138)
	at org.testng.internal.TestMethodWorker.invokeBeforeClassMethods(TestMethodWorker.java:175)
	at org.testng.internal.TestMethodWorker.run(TestMethodWorker.java:107)
	at org.testng.TestRunner.privateRun(TestRunner.java:767)
	at org.testng.TestRunner.run(TestRunner.java:617)
	at org.testng.SuiteRunner.runTest(SuiteRunner.java:334)
	at org.testng.SuiteRunner.access$000(SuiteRunner.java:37)
	at org.testng.SuiteRunner$SuiteWorker.run(SuiteRunner.java:368)
	at org.testng.internal.thread.ThreadUtil$2.call(ThreadUtil.java:64)
	at java.util.concurrent.FutureTask.run(Unknown Source)
	at java.util.concurrent.ThreadPoolExecutor.runWorker(Unknown Source)
	at java.util.concurrent.ThreadPoolExecutor$Worker.run(Unknown Source)
	at java.lang.Thread.run(Unknown Source)
Caused by: org.openqa.selenium.SessionNotCreatedException: Unable to create session from {
  "desiredCapabilities": {
    "browserName": "Edge",
    "server:CONFIG_UUID": "45e234ea-c2cf-4353-b782-9e504b6f1c9c",
    "version": "",
    "platform": "WIN10"
  },
  "capabilities": {
    "desiredCapabilities": {
      "browserName": "Edge",
      "server:CONFIG_UUID": "45e234ea-c2cf-4353-b782-9e504b6f1c9c",
      "version": "",
      "platform": "WIN10"
    },
    "firstMatch": [
      {
        "browserName": "Edge",
        "platformName": "win10",
        "server:CONFIG_UUID": "45e234ea-c2cf-4353-b782-9e504b6f1c9c"
      }
    ]
  }
}
Build info: version: '3.13.0', revision: '2f0d292', time: '2018-06-25T15:32:19.891Z'
System info: host: 'DESKTOP-8GU1FPD', ip: '10.0.75.1', os.name: 'Windows 10', os.arch: 'amd64', os.version: '10.0', java.version: '1.8.0_171'
Driver info: driver.version: unknown
Build info: version: '3.12.0', revision: '7c6e0b3', time: '2018-05-08T14:04:26.12Z'
System info: host: 'DESKTOP-8GU1FPD', ip: '10.0.75.1', os.name: 'Windows 10', os.arch: 'amd64', os.version: '10.0', java.version: '1.8.0_171'
Driver info: driver.version: unknown
	at org.openqa.selenium.remote.server.NewSessionPipeline.lambda$null$4(NewSessionPipeline.java:75)
	at java.util.Optional.orElseThrow(Unknown Source)
	at org.openqa.selenium.remote.server.NewSessionPipeline.lambda$createNewSession$5(NewSessionPipeline.java:74)
	at java.util.Optional.orElseGet(Unknown Source)
	at org.openqa.selenium.remote.server.NewSessionPipeline.createNewSession(NewSessionPipeline.java:72)
	at org.openqa.selenium.remote.server.commandhandler.BeginSession.execute(BeginSession.java:65)
	at org.openqa.selenium.remote.server.WebDriverServlet.lambda$handle$3(WebDriverServlet.java:247)
	at java.util.concurrent.Executors$RunnableAdapter.call(Unknown Source)
	... 4 more
]]>
    </failure>
  </testcase> <!-- FirstTc -->
  <testcase name="SecondTc" time="0.001" classname="com.ParallelGrid.testcases.TestCaseB">
    <failure type="org.openqa.selenium.SessionNotCreatedException" message="Unable to create session from {
  &quot;desiredCapabilities&quot;: {
    &quot;browserName&quot;: &quot;Edge&quot;,
    &quot;server:CONFIG_UUID&quot;: &quot;45e234ea-c2cf-4353-b782-9e504b6f1c9c&quot;,
    &quot;version&quot;: &quot;&quot;,
    &quot;platform&quot;: &quot;WIN10&quot;
  },
  &quot;capabilities&quot;: {
    &quot;desiredCapabilities&quot;: {
      &quot;browserName&quot;: &quot;Edge&quot;,
      &quot;server:CONFIG_UUID&quot;: &quot;45e234ea-c2cf-4353-b782-9e504b6f1c9c&quot;,
      &quot;version&quot;: &quot;&quot;,
      &quot;platform&quot;: &quot;WIN10&quot;
    },
    &quot;firstMatch&quot;: [
      {
        &quot;browserName&quot;: &quot;Edge&quot;,
        &quot;platformName&quot;: &quot;win10&quot;,
        &quot;server:CONFIG_UUID&quot;: &quot;45e234ea-c2cf-4353-b782-9e504b6f1c9c&quot;
      }
    ]
  }
}
Build info: version: &#039;3.13.0&#039;, revision: &#039;2f0d292&#039;, time: &#039;2018-06-25T15:32:19.891Z&#039;
System info: host: &#039;DESKTOP-8GU1FPD&#039;, ip: &#039;10.0.75.1&#039;, os.name: &#039;Windows 10&#039;, os.arch: &#039;amd64&#039;, os.version: &#039;10.0&#039;, java.version: &#039;1.8.0_171&#039;
Driver info: driver.version: unknown
Command duration or timeout: 47.74 seconds">
      <![CDATA[org.openqa.selenium.SessionNotCreatedException: Unable to create session from {
  "desiredCapabilities": {
    "browserName": "Edge",
    "server:CONFIG_UUID": "45e234ea-c2cf-4353-b782-9e504b6f1c9c",
    "version": "",
    "platform": "WIN10"
  },
  "capabilities": {
    "desiredCapabilities": {
      "browserName": "Edge",
      "server:CONFIG_UUID": "45e234ea-c2cf-4353-b782-9e504b6f1c9c",
      "version": "",
      "platform": "WIN10"
    },
    "firstMatch": [
      {
        "browserName": "Edge",
        "platformName": "win10",
        "server:CONFIG_UUID": "45e234ea-c2cf-4353-b782-9e504b6f1c9c"
      }
    ]
  }
}
Build info: version: '3.13.0', revision: '2f0d292', time: '2018-06-25T15:32:19.891Z'
System info: host: 'DESKTOP-8GU1FPD', ip: '10.0.75.1', os.name: 'Windows 10', os.arch: 'amd64', os.version: '10.0', java.version: '1.8.0_171'
Driver info: driver.version: unknown
Command duration or timeout: 47.74 seconds
	at sun.reflect.NativeConstructorAccessorImpl.newInstance0(Native Method)
	at sun.reflect.NativeConstructorAccessorImpl.newInstance(Unknown Source)
	at sun.reflect.DelegatingConstructorAccessorImpl.newInstance(Unknown Source)
	at java.lang.reflect.Constructor.newInstance(Unknown Source)
	at org.openqa.selenium.remote.ErrorHandler.createThrowable(ErrorHandler.java:214)
	at org.openqa.selenium.remote.ErrorHandler.throwIfResponseFailed(ErrorHandler.java:166)
	at org.openqa.selenium.remote.JsonWireProtocolResponse.lambda$new$0(JsonWireProtocolResponse.java:53)
	at org.openqa.selenium.remote.JsonWireProtocolResponse.lambda$getResponseFunction$2(JsonWireProtocolResponse.java:91)
	at org.openqa.selenium.remote.ProtocolHandshake.lambda$createSession$0(ProtocolHandshake.java:123)
	at java.util.stream.ReferencePipeline$3$1.accept(Unknown Source)
	at java.util.Spliterators$ArraySpliterator.tryAdvance(Unknown Source)
	at java.util.stream.ReferencePipeline.forEachWithCancel(Unknown Source)
	at java.util.stream.AbstractPipeline.copyIntoWithCancel(Unknown Source)
	at java.util.stream.AbstractPipeline.copyInto(Unknown Source)
	at java.util.stream.AbstractPipeline.wrapAndCopyInto(Unknown Source)
	at java.util.stream.FindOps$FindOp.evaluateSequential(Unknown Source)
	at java.util.stream.AbstractPipeline.evaluate(Unknown Source)
	at java.util.stream.ReferencePipeline.findFirst(Unknown Source)
	at org.openqa.selenium.remote.ProtocolHandshake.createSession(ProtocolHandshake.java:126)
	at org.openqa.selenium.remote.ProtocolHandshake.createSession(ProtocolHandshake.java:73)
	at org.openqa.selenium.remote.HttpCommandExecutor.execute(HttpCommandExecutor.java:136)
	at org.openqa.selenium.remote.RemoteWebDriver.execute(RemoteWebDriver.java:543)
	at org.openqa.selenium.remote.RemoteWebDriver.startSession(RemoteWebDriver.java:207)
	at org.openqa.selenium.remote.RemoteWebDriver.<init>(RemoteWebDriver.java:130)
	at org.openqa.selenium.remote.RemoteWebDriver.<init>(RemoteWebDriver.java:143)
	at com.ParallelGrid.testcases.TestCaseB.setup(TestCaseB.java:45)
	at sun.reflect.NativeMethodAccessorImpl.invoke0(Native Method)
	at sun.reflect.NativeMethodAccessorImpl.invoke(Unknown Source)
	at sun.reflect.DelegatingMethodAccessorImpl.invoke(Unknown Source)
	at java.lang.reflect.Method.invoke(Unknown Source)
	at org.testng.internal.MethodInvocationHelper.invokeMethod(MethodInvocationHelper.java:80)
	at org.testng.internal.Invoker.invokeConfigurationMethod(Invoker.java:564)
	at org.testng.internal.Invoker.invokeConfigurations(Invoker.java:213)
	at org.testng.internal.Invoker.invokeConfigurations(Invoker.java:138)
	at org.testng.internal.TestMethodWorker.invokeBeforeClassMethods(TestMethodWorker.java:175)
	at org.testng.internal.TestMethodWorker.run(TestMethodWorker.java:107)
	at org.testng.TestRunner.privateRun(TestRunner.java:767)
	at org.testng.TestRunner.run(TestRunner.java:617)
	at org.testng.SuiteRunner.runTest(SuiteRunner.java:334)
	at org.testng.SuiteRunner.access$000(SuiteRunner.java:37)
	at org.testng.SuiteRunner$SuiteWorker.run(SuiteRunner.java:368)
	at org.testng.internal.thread.ThreadUtil$2.call(ThreadUtil.java:64)
	at java.util.concurrent.FutureTask.run(Unknown Source)
	at java.util.concurrent.ThreadPoolExecutor.runWorker(Unknown Source)
	at java.util.concurrent.ThreadPoolExecutor$Worker.run(Unknown Source)
	at java.lang.Thread.run(Unknown Source)
Caused by: org.openqa.selenium.SessionNotCreatedException: Unable to create session from {
  "desiredCapabilities": {
    "browserName": "Edge",
    "server:CONFIG_UUID": "45e234ea-c2cf-4353-b782-9e504b6f1c9c",
    "version": "",
    "platform": "WIN10"
  },
  "capabilities": {
    "desiredCapabilities": {
      "browserName": "Edge",
      "server:CONFIG_UUID": "45e234ea-c2cf-4353-b782-9e504b6f1c9c",
      "version": "",
      "platform": "WIN10"
    },
    "firstMatch": [
      {
        "browserName": "Edge",
        "platformName": "win10",
        "server:CONFIG_UUID": "45e234ea-c2cf-4353-b782-9e504b6f1c9c"
      }
    ]
  }
}
Build info: version: '3.13.0', revision: '2f0d292', time: '2018-06-25T15:32:19.891Z'
System info: host: 'DESKTOP-8GU1FPD', ip: '10.0.75.1', os.name: 'Windows 10', os.arch: 'amd64', os.version: '10.0', java.version: '1.8.0_171'
Driver info: driver.version: unknown
Build info: version: '3.12.0', revision: '7c6e0b3', time: '2018-05-08T14:04:26.12Z'
System info: host: 'DESKTOP-8GU1FPD', ip: '10.0.75.1', os.name: 'Windows 10', os.arch: 'amd64', os.version: '10.0', java.version: '1.8.0_171'
Driver info: driver.version: unknown
	at org.openqa.selenium.remote.server.NewSessionPipeline.lambda$null$4(NewSessionPipeline.java:75)
	at java.util.Optional.orElseThrow(Unknown Source)
	at org.openqa.selenium.remote.server.NewSessionPipeline.lambda$createNewSession$5(NewSessionPipeline.java:74)
	at java.util.Optional.orElseGet(Unknown Source)
	at org.openqa.selenium.remote.server.NewSessionPipeline.createNewSession(NewSessionPipeline.java:72)
	at org.openqa.selenium.remote.server.commandhandler.BeginSession.execute(BeginSession.java:65)
	at org.openqa.selenium.remote.server.WebDriverServlet.lambda$handle$3(WebDriverServlet.java:247)
	at java.util.concurrent.Executors$RunnableAdapter.call(Unknown Source)
	... 4 more
]]>
    </failure>
  </testcase> <!-- SecondTc -->
</testsuite> <!-- com.ParallelGrid.testcases.TestCaseB -->
