<?xml version="1.0" encoding="UTF-8"?>
<!-- Generated by org.testng.reporters.JUnitReportReporter -->
<testsuite hostname="DESKTOP-8GU1FPD" name="com.ParallelGrid.testcases.TestCaseA" tests="3" failures="0" timestamp="16 Sep 2018 05:24:05 GMT" time="244.471" errors="0">
  <testcase name="ThirdTc" time="10.122" classname="com.ParallelGrid.testcases.TestCaseA"/>
  <testcase name="SecondTc" time="130.154" classname="com.ParallelGrid.testcases.TestCaseA"/>
  <testcase name="FirstTc" time="104.195" classname="com.ParallelGrid.testcases.TestCaseA"/>
</testsuite> <!-- com.ParallelGrid.testcases.TestCaseA -->
