<?xml version="1.0" encoding="UTF-8"?>
<!-- Generated by org.testng.reporters.JUnitReportReporter -->
<testsuite hostname="DESKTOP-8GU1FPD" name="com.ParallelGrid.testcases.RunningTestOnDocker" tests="1" failures="0" timestamp="10 Sep 2018 11:25:35 GMT" time="9.867" errors="0">
  <testcase name="runTestOnDocker" time="9.867" classname="com.ParallelGrid.testcases.RunningTestOnDocker"/>
</testsuite> <!-- com.ParallelGrid.testcases.RunningTestOnDocker -->
